<?xml version="1.0" encoding="UTF-8"?>
<testng-results skipped="0" failed="0" total="11" passed="11">
  <reporter-output>
  </reporter-output>
  <suite name="Suite1" duration-ms="171409" started-at="2014-07-29T12:12:10Z" finished-at="2014-07-29T12:15:01Z">
    <groups>
      <group name="AddEmp">
        <method signature="AddEmployee.addEmployee()[pri:0, instance:EmpInfo.AddEmployee@158cd42]" name="addEmployee" class="EmpInfo.AddEmployee"/>
        <method signature="AddEmployee.deletecancel()[pri:0, instance:EmpInfo.AddEmployee@158cd42]" name="deletecancel" class="EmpInfo.AddEmployee"/>
        <method signature="AddEmployee.edit()[pri:0, instance:EmpInfo.AddEmployee@158cd42]" name="edit" class="EmpInfo.AddEmployee"/>
        <method signature="AddEmployee.preview()[pri:0, instance:EmpInfo.AddEmployee@158cd42]" name="preview" class="EmpInfo.AddEmployee"/>
        <method signature="AddEmployee.save()[pri:0, instance:EmpInfo.AddEmployee@158cd42]" name="save" class="EmpInfo.AddEmployee"/>
        <method signature="AddEmployee.title()[pri:0, instance:EmpInfo.AddEmployee@158cd42]" name="title" class="EmpInfo.AddEmployee"/>
        <method signature="AddEmployee.viewall()[pri:0, instance:EmpInfo.AddEmployee@158cd42]" name="viewall" class="EmpInfo.AddEmployee"/>
        <method signature="AddEmployee.viewalledit()[pri:0, instance:EmpInfo.AddEmployee@158cd42]" name="viewalledit" class="EmpInfo.AddEmployee"/>
        <method signature="AddEmployee.viewalleditpreview()[pri:0, instance:EmpInfo.AddEmployee@158cd42]" name="viewalleditpreview" class="EmpInfo.AddEmployee"/>
      </group> <!-- AddEmp -->
      <group name="login">
        <method signature="Login.loginNoData()[pri:0, instance:EmpInfo.Login@182363]" name="loginNoData" class="EmpInfo.Login"/>
        <method signature="Login.loginValidData()[pri:0, instance:EmpInfo.Login@182363]" name="loginValidData" class="EmpInfo.Login"/>
      </group> <!-- login -->
    </groups>
    <test name="test1" duration-ms="171409" started-at="2014-07-29T12:12:10Z" finished-at="2014-07-29T12:15:01Z">
      <class name="EmpInfo.AddEmployee">
        <test-method status="PASS" signature="addEmployee()[pri:0, instance:EmpInfo.AddEmployee@158cd42]" name="addEmployee" duration-ms="3904" started-at="2014-07-29T17:42:28Z" finished-at="2014-07-29T17:42:32Z">
          <reporter-output>
          </reporter-output>
        </test-method> <!-- addEmployee -->
        <test-method status="PASS" signature="save()[pri:0, instance:EmpInfo.AddEmployee@158cd42]" name="save" duration-ms="15276" started-at="2014-07-29T17:42:32Z" finished-at="2014-07-29T17:42:47Z">
          <reporter-output>
          </reporter-output>
        </test-method> <!-- save -->
        <test-method status="PASS" signature="title()[pri:0, instance:EmpInfo.AddEmployee@158cd42]" name="title" duration-ms="25225" started-at="2014-07-29T17:42:47Z" finished-at="2014-07-29T17:43:13Z">
          <reporter-output>
          </reporter-output>
        </test-method> <!-- title -->
        <test-method status="PASS" signature="edit()[pri:0, instance:EmpInfo.AddEmployee@158cd42]" name="edit" duration-ms="10308" started-at="2014-07-29T17:43:13Z" finished-at="2014-07-29T17:43:23Z">
          <reporter-output>
          </reporter-output>
        </test-method> <!-- edit -->
        <test-method status="PASS" signature="preview()[pri:0, instance:EmpInfo.AddEmployee@158cd42]" name="preview" duration-ms="10777" started-at="2014-07-29T17:43:23Z" finished-at="2014-07-29T17:43:34Z">
          <reporter-output>
          </reporter-output>
        </test-method> <!-- preview -->
        <test-method status="PASS" signature="deletecancel()[pri:0, instance:EmpInfo.AddEmployee@158cd42]" name="deletecancel" duration-ms="25506" started-at="2014-07-29T17:43:34Z" finished-at="2014-07-29T17:43:59Z">
          <reporter-output>
          </reporter-output>
        </test-method> <!-- deletecancel -->
        <test-method status="PASS" signature="viewall()[pri:0, instance:EmpInfo.AddEmployee@158cd42]" name="viewall" duration-ms="9626" started-at="2014-07-29T17:43:59Z" finished-at="2014-07-29T17:44:09Z">
          <reporter-output>
          </reporter-output>
        </test-method> <!-- viewall -->
        <test-method status="PASS" signature="viewalledit()[pri:0, instance:EmpInfo.AddEmployee@158cd42]" name="viewalledit" duration-ms="19984" started-at="2014-07-29T17:44:09Z" finished-at="2014-07-29T17:44:29Z">
          <reporter-output>
          </reporter-output>
        </test-method> <!-- viewalledit -->
        <test-method status="PASS" signature="viewalleditpreview()[pri:0, instance:EmpInfo.AddEmployee@158cd42]" name="viewalleditpreview" duration-ms="32437" started-at="2014-07-29T17:44:29Z" finished-at="2014-07-29T17:45:01Z">
          <reporter-output>
          </reporter-output>
        </test-method> <!-- viewalleditpreview -->
      </class> <!-- EmpInfo.AddEmployee -->
      <class name="EmpInfo.Login">
        <test-method status="PASS" signature="loginNoData()[pri:0, instance:EmpInfo.Login@182363]" name="loginNoData" duration-ms="9423" started-at="2014-07-29T17:42:10Z" finished-at="2014-07-29T17:42:19Z">
          <reporter-output>
          </reporter-output>
        </test-method> <!-- loginNoData -->
        <test-method status="PASS" signature="loginValidData()[pri:0, instance:EmpInfo.Login@182363]" name="loginValidData" duration-ms="8919" started-at="2014-07-29T17:42:19Z" finished-at="2014-07-29T17:42:28Z">
          <reporter-output>
          </reporter-output>
        </test-method> <!-- loginValidData -->
      </class> <!-- EmpInfo.Login -->
    </test> <!-- test1 -->
  </suite> <!-- Suite1 -->
</testng-results>
